TN:
SF:src/lib/server/auth.ts
FN:24,fromEnvInt
FN:40,constructor
FN:58,format
FN:70,hashPassword
FN:84,verifyPassword
FN:102,normalizeEmail
FN:112,checkPasswordStrength
FN:129,assertValidPassword
FN:136,assertValidEmail
FN:153,createUser
FN:191,createSession
FN:207,sha256
FN:219,getUserBySessionToken
FN:239,destroySession
FN:250,listSessions
FN:269,destroyAllSessions
FN:289,cleanupExpiredSessions
FNF:17
FNH:17
FNDA:12,fromEnvInt
FNDA:15,constructor
FNDA:777,format
FNDA:777,hashPassword
FNDA:3,verifyPassword
FNDA:787,normalizeEmail
FNDA:783,checkPasswordStrength
FNDA:777,assertValidPassword
FNDA:782,assertValidEmail
FNDA:782,createUser
FNDA:12,createSession
FNDA:154,sha256
FNDA:10,getUserBySessionToken
FNDA:3,destroySession
FNDA:3,listSessions
FNDA:2,destroyAllSessions
FNDA:1,cleanupExpiredSessions
DA:7,12
DA:15,12
DA:16,12
DA:18,12
DA:25,12
DA:26,12
DA:28,12
DA:41,15
DA:44,15
DA:59,777
DA:71,777
DA:72,777
DA:73,777
DA:85,3
DA:86,3
DA:87,2
DA:88,2
DA:89,2
DA:94,2
DA:103,787
DA:113,783
DA:114,783
DA:115,5
DA:117,783
DA:118,2
DA:120,783
DA:121,5
DA:123,783
DA:124,4
DA:126,783
DA:130,777
DA:131,777
DA:132,3
DA:137,782
DA:138,5
DA:157,782
DA:158,782
DA:159,782
DA:160,782
DA:161,774
DA:168,782
DA:169,782
DA:174,3
DA:175,3
DA:176,3
DA:178,0
DA:180,771
DA:192,12
DA:193,12
DA:199,12
DA:208,154
DA:220,10
DA:221,7
DA:229,7
DA:230,3
DA:231,2
DA:240,3
DA:241,1
DA:251,3
DA:274,2
DA:275,1
DA:276,1
DA:280,1
DA:290,1
DA:294,1
DA:298,12
LF:66
LH:65
BRDA:25,0,0,12
BRDA:25,0,1,12
BRDA:26,1,0,0
BRDA:26,1,1,12
BRDA:26,2,0,12
BRDA:26,2,1,0
BRDA:86,3,0,1
BRDA:86,3,1,2
BRDA:114,4,0,5
BRDA:114,4,1,778
BRDA:117,5,0,2
BRDA:117,5,1,781
BRDA:120,6,0,5
BRDA:120,6,1,778
BRDA:123,7,0,4
BRDA:123,7,1,779
BRDA:131,8,0,3
BRDA:131,8,1,774
BRDA:137,9,0,5
BRDA:137,9,1,777
BRDA:165,10,0,774
BRDA:165,10,1,4
BRDA:175,11,0,3
BRDA:175,11,1,0
BRDA:175,12,0,3
BRDA:175,12,1,3
BRDA:175,12,2,0
BRDA:220,13,0,3
BRDA:220,13,1,7
BRDA:229,14,0,4
BRDA:229,14,1,3
BRDA:230,15,0,1
BRDA:230,15,1,2
BRDA:240,16,0,2
BRDA:240,16,1,1
BRDA:274,17,0,1
BRDA:274,17,1,1
BRF:37
BRH:33
end_of_record
TN:
SF:src/lib/server/http.ts
FN:20,errorToFail
FNF:1
FNH:1
FNDA:33,errorToFail
DA:21,33
DA:22,29
DA:23,24
DA:25,24
DA:32,24
DA:34,5
DA:35,5
LF:7
LH:7
BRDA:21,0,0,4
BRDA:21,0,1,29
BRDA:21,1,0,33
BRDA:21,1,1,31
BRDA:21,1,2,29
BRDA:22,2,0,24
BRDA:22,2,1,5
BRDA:22,3,0,29
BRDA:22,3,1,27
BRDA:22,3,2,25
BRDA:22,3,3,24
BRDA:25,4,0,5
BRDA:25,4,1,19
BRDA:25,5,0,24
BRDA:25,5,1,22
BRDA:25,5,2,20
BRDA:29,6,0,2
BRDA:29,6,1,17
BRF:18
BRH:18
end_of_record
TN:
SF:src/lib/server/rbac.ts
FN:59,constructor
FN:72,isRole
FN:83,can
FN:98,mayActOn
FN:110,mayGrant
FN:121,getMembership
FN:139,requirePermission
FNF:7
FNH:7
FNDA:26,constructor
FNDA:84,isRole
FNDA:140,can
FNDA:27,mayActOn
FNDA:68,mayGrant
FNDA:4,getMembership
FNDA:119,requirePermission
DA:6,9
DA:15,9
DA:34,9
DA:60,26
DA:63,26
DA:73,84
DA:84,140
DA:87,9
DA:99,27
DA:111,68
DA:122,4
DA:129,4
DA:140,119
DA:141,18
LF:14
LH:14
BRDA:129,0,0,4
BRDA:129,0,1,3
BRDA:140,1,0,18
BRDA:140,1,1,101
BRDA:140,2,0,119
BRDA:140,2,1,116
BRDA:141,3,0,18
BRDA:141,3,1,3
BRF:8
BRH:8
end_of_record
TN:
SF:src/lib/server/billing/adapter.ts
FN:46,constructor
FNF:1
FNH:1
FNDA:22,constructor
DA:47,22
DA:50,22
LF:2
LH:2
BRF:0
BRH:0
end_of_record
TN:
SF:src/lib/server/billing/mock.ts
FN:22,constructor
FN:32,getSubscriptionState
FN:41,createCheckoutUrl
FNF:3
FNH:3
FNDA:36,constructor
FNDA:56,getSubscriptionState
FNDA:1,createCheckoutUrl
DA:12,36
DA:23,36
DA:24,36
DA:33,56
DA:42,1
LF:5
LH:5
BRDA:22,0,0,36
BRDA:23,1,0,36
BRDA:23,1,1,34
BRDA:24,2,0,36
BRDA:24,2,1,5
BRDA:24,3,0,1
BRDA:24,3,1,4
BRF:7
BRH:7
end_of_record
TN:
SF:src/lib/server/billing/service.ts
FN:12,countActiveSeats
FN:31,assertSeatAvailable
FNF:2
FNH:2
FNDA:69,countActiveSeats
FNDA:60,assertSeatAvailable
DA:13,69
DA:17,69
DA:36,60
DA:40,59
DA:41,2
DA:45,57
DA:46,3
DA:51,54
DA:52,12
DA:57,42
LF:10
LH:10
BRDA:40,0,0,2
BRDA:40,0,1,57
BRDA:45,1,0,3
BRDA:45,1,1,54
BRDA:45,2,0,57
BRDA:45,2,1,55
BRDA:51,3,0,12
BRDA:51,3,1,42
BRF:8
BRH:8
end_of_record
TN:
SF:src/lib/server/db/audit.ts
FN:27,audit
FN:62,listAudit
FN:91,countAudit
FN:107,exportAuditCsv
FN:115,(anonymous_4)
FN:138,exportAuditJson
FN:145,(anonymous_6)
FN:160,csvEscape
FNF:8
FNH:8
FNDA:374,audit
FNDA:30,listAudit
FNDA:3,countAudit
FNDA:6,exportAuditCsv
FNDA:11,(anonymous_4)
FNDA:4,exportAuditJson
FNDA:5,(anonymous_6)
FNDA:55,csvEscape
DA:28,374
DA:68,30
DA:92,3
DA:96,3
DA:113,6
DA:114,6
DA:115,6
DA:116,11
DA:117,11
DA:127,6
DA:144,4
DA:145,5
DA:161,55
DA:162,3
DA:164,52
LF:15
LH:15
BRDA:29,0,0,374
BRDA:29,0,1,1
BRDA:30,1,0,374
BRDA:30,1,1,4
BRDA:32,2,0,374
BRDA:32,2,1,29
BRDA:33,3,0,374
BRDA:33,3,1,29
BRDA:34,4,0,101
BRDA:34,4,1,273
BRDA:65,5,0,30
BRDA:66,6,0,30
BRDA:110,7,0,6
BRDA:111,8,0,6
BRDA:120,9,0,11
BRDA:120,9,1,1
BRDA:122,10,0,11
BRDA:122,10,1,6
BRDA:123,11,0,11
BRDA:123,11,1,6
BRDA:124,12,0,11
BRDA:124,12,1,10
BRDA:141,13,0,4
BRDA:142,14,0,4
BRDA:152,15,0,1
BRDA:152,15,1,4
BRDA:161,16,0,3
BRDA:161,16,1,52
BRDA:161,17,0,55
BRDA:161,17,1,54
BRDA:161,17,2,52
BRF:31
BRH:31
end_of_record
TN:
SF:src/lib/server/services/invites.ts
FN:23,constructor
FN:43,newInviteToken
FN:64,createInvite
FN:120,listPendingInvites
FN:155,revokeInvite
FN:190,peekInvite
FN:242,acceptInvite
FNF:7
FNH:7
FNDA:15,constructor
FNDA:154,newInviteToken
FNDA:59,createInvite
FNDA:4,listPendingInvites
FNDA:6,revokeInvite
FNDA:12,peekInvite
FNDA:45,acceptInvite
DA:24,15
DA:28,15
DA:32,6
DA:37,6
DA:44,154
DA:75,59
DA:76,59
DA:77,59
DA:78,1
DA:80,55
DA:81,3
DA:86,52
DA:87,59
DA:88,59
DA:101,59
DA:103,52
DA:111,52
DA:121,4
DA:159,6
DA:160,6
DA:172,5
DA:173,2
DA:174,3
DA:200,12
DA:207,12
DA:208,11
DA:209,9
DA:210,8
DA:211,7
DA:218,7
DA:246,45
DA:247,45
DA:251,45
DA:252,44
DA:253,42
DA:254,1
DA:255,41
DA:256,3
DA:258,38
DA:265,38
DA:266,2
DA:268,36
DA:270,31
DA:277,31
DA:278,0
DA:280,31
DA:287,31
DA:294,31
DA:302,31
LF:49
LH:48
BRDA:77,0,0,1
BRDA:77,0,1,58
BRDA:80,1,0,3
BRDA:80,1,1,52
BRDA:86,2,0,52
BRDA:86,2,1,49
BRDA:93,3,0,59
BRDA:93,3,1,50
BRDA:172,4,0,2
BRDA:172,4,1,3
BRDA:207,5,0,1
BRDA:207,5,1,11
BRDA:208,6,0,2
BRDA:208,6,1,9
BRDA:209,7,0,1
BRDA:209,7,1,8
BRDA:210,8,0,1
BRDA:210,8,1,7
BRDA:220,9,0,7
BRDA:220,9,1,0
BRDA:251,10,0,1
BRDA:251,10,1,44
BRDA:252,11,0,2
BRDA:252,11,1,42
BRDA:253,12,0,1
BRDA:253,12,1,41
BRDA:255,13,0,3
BRDA:255,13,1,38
BRDA:265,14,0,2
BRDA:265,14,1,36
BRDA:277,15,0,0
BRDA:277,15,1,31
BRDA:302,16,0,31
BRDA:302,16,1,0
BRF:34
BRH:31
end_of_record
TN:
SF:src/lib/server/services/members.ts
FN:18,constructor
FN:43,listMembers
FN:56,(anonymous_2)
FN:59,getMembershipRow
FN:69,countOwners
FN:70,(anonymous_5)
FN:87,setMemberRole
FN:141,removeMember
FN:181,leaveOrg
FN:220,transferOwnership
FNF:10
FNH:10
FNDA:26,constructor
FNDA:29,listMembers
FNDA:62,(anonymous_2)
FNDA:40,getMembershipRow
FNDA:11,countOwners
FNDA:31,(anonymous_5)
FNDA:22,setMemberRole
FNDA:15,removeMember
FNDA:8,leaveOrg
FNDA:14,transferOwnership
DA:19,26
DA:23,26
DA:44,29
DA:56,62
DA:60,40
DA:70,31
DA:97,22
DA:98,22
DA:99,17
DA:100,4
DA:102,13
DA:103,13
DA:104,2
DA:105,11
DA:106,11
DA:107,2
DA:112,9
DA:113,2
DA:118,7
DA:119,7
DA:145,15
DA:146,15
DA:147,2
DA:149,10
DA:150,10
DA:151,1
DA:152,9
DA:153,9
DA:154,5
DA:159,4
DA:160,4
DA:182,8
DA:183,8
DA:184,2
DA:185,6
DA:186,3
DA:190,3
DA:191,2
DA:194,4
DA:195,4
DA:224,14
DA:225,14
DA:226,1
DA:228,9
DA:229,9
DA:230,1
DA:232,8
DA:236,8
DA:237,1
DA:242,7
DA:243,7
DA:247,7
LF:52
LH:52
BRDA:98,0,0,0
BRDA:98,0,1,22
BRDA:99,1,0,4
BRDA:99,1,1,13
BRDA:103,2,0,2
BRDA:103,2,1,11
BRDA:106,3,0,2
BRDA:106,3,1,9
BRDA:112,4,0,2
BRDA:112,4,1,7
BRDA:146,5,0,2
BRDA:146,5,1,13
BRDA:150,6,0,1
BRDA:150,6,1,9
BRDA:153,7,0,5
BRDA:153,7,1,4
BRDA:183,8,0,2
BRDA:183,8,1,6
BRDA:185,9,0,3
BRDA:185,9,1,3
BRDA:190,10,0,2
BRDA:190,10,1,1
BRDA:225,11,0,1
BRDA:225,11,1,13
BRDA:229,12,0,1
BRDA:229,12,1,8
BRDA:236,13,0,1
BRDA:236,13,1,7
BRF:28
BRH:27
end_of_record
TN:
SF:src/lib/server/services/orgs.ts
FN:16,constructor
FN:24,slugify
FN:44,createOrg
FN:80,listOrgsForUser
FN:101,getOrgForUser
FN:123,getOrgById
FN:136,getUserById
FNF:7
FNH:7
FNDA:10,constructor
FNDA:236,slugify
FNDA:245,createOrg
FNDA:6,listOrgsForUser
FNDA:2,getOrgForUser
FNDA:3,getOrgById
FNDA:3,getUserById
DA:17,10
DA:20,10
DA:25,236
DA:31,236
DA:45,245
DA:46,245
DA:47,9
DA:49,236
DA:55,236
DA:56,236
DA:63,236
DA:70,236
DA:81,6
DA:102,2
DA:113,2
DA:114,1
DA:124,3
DA:127,3
DA:137,3
DA:144,3
LF:20
LH:20
BRDA:31,0,0,236
BRDA:31,0,1,3
BRDA:46,1,0,9
BRDA:46,1,1,236
BRDA:46,2,0,245
BRDA:46,2,1,239
BRDA:113,3,0,1
BRDA:113,3,1,1
BRDA:127,4,0,3
BRDA:127,4,1,1
BRDA:144,5,0,3
BRDA:144,5,1,1
BRF:12
BRH:12
end_of_record
